[0.236s] DEBUG:colcon:Command line arguments: ['/usr/bin/colcon', 'build']
[0.236s] DEBUG:colcon:Parsed command line arguments: Namespace(log_base=None, log_level=None, verb_name='build', build_base='build', install_base='install', merge_install=False, symlink_install=False, test_result_base=None, continue_on_error=False, executor='parallel', parallel_workers=8, event_handlers=None, ignore_user_meta=False, metas=['./colcon.meta'], base_paths=['.'], packages_ignore=None, packages_ignore_regex=None, paths=None, packages_up_to=None, packages_up_to_regex=None, packages_above=None, packages_above_and_dependencies=None, packages_above_depth=None, packages_select_by_dep=None, packages_skip_by_dep=None, packages_skip_up_to=None, packages_select_build_failed=False, packages_skip_build_finished=False, packages_select_test_failures=False, packages_skip_test_passed=False, packages_select=None, packages_skip=None, packages_select_regex=None, packages_skip_regex=None, packages_start=None, packages_end=None, allow_overriding=[], cmake_args=None, cmake_target=None, cmake_target_skip_unavailable=False, cmake_clean_cache=False, cmake_clean_first=False, cmake_force_configure=False, ament_cmake_args=None, catkin_cmake_args=None, catkin_skip_building_tests=False, mixin_files=None, mixin=None, verb_parser=<colcon_mixin.mixin.mixin_argument.MixinArgumentDecorator object at 0x7b1866a7fd10>, verb_extension=<colcon_core.verb.build.BuildVerb object at 0x7b1866a7fa10>, main=<bound method BuildVerb.main of <colcon_core.verb.build.BuildVerb object at 0x7b1866a7fa10>>, mixin_verb=('build',))
[0.309s] Level 1:colcon.colcon_core.package_discovery:discover_packages(colcon_meta) check parameters
[0.310s] Level 1:colcon.colcon_core.package_discovery:discover_packages(recursive) check parameters
[0.310s] Level 1:colcon.colcon_core.package_discovery:discover_packages(ignore) check parameters
[0.310s] Level 1:colcon.colcon_core.package_discovery:discover_packages(path) check parameters
[0.310s] Level 1:colcon.colcon_core.package_discovery:discover_packages(colcon_meta) discover
[0.310s] Level 1:colcon.colcon_core.package_discovery:discover_packages(recursive) discover
[0.310s] INFO:colcon.colcon_core.package_discovery:Crawling recursively for packages in '/home/lakshitha/ros2_ws'
[0.310s] Level 1:colcon.colcon_core.package_identification:_identify(.) by extensions ['ignore', 'ignore_ament_install']
[0.310s] Level 1:colcon.colcon_core.package_identification:_identify(.) by extension 'ignore'
[0.311s] Level 1:colcon.colcon_core.package_identification:_identify(.) by extension 'ignore_ament_install'
[0.311s] Level 1:colcon.colcon_core.package_identification:_identify(.) by extensions ['colcon_pkg']
[0.311s] Level 1:colcon.colcon_core.package_identification:_identify(.) by extension 'colcon_pkg'
[0.311s] Level 1:colcon.colcon_core.package_identification:_identify(.) by extensions ['colcon_meta']
[0.311s] Level 1:colcon.colcon_core.package_identification:_identify(.) by extension 'colcon_meta'
[0.311s] Level 1:colcon.colcon_core.package_identification:_identify(.) by extensions ['ros']
[0.311s] Level 1:colcon.colcon_core.package_identification:_identify(.) by extension 'ros'
[0.363s] Level 1:colcon.colcon_core.package_identification:_identify(.) by extensions ['cmake', 'python']
[0.363s] Level 1:colcon.colcon_core.package_identification:_identify(.) by extension 'cmake'
[0.363s] Level 1:colcon.colcon_core.package_identification:_identify(.) by extension 'python'
[0.363s] Level 1:colcon.colcon_core.package_identification:_identify(.) by extensions ['python_setup_py']
[0.363s] Level 1:colcon.colcon_core.package_identification:_identify(.) by extension 'python_setup_py'
[0.364s] Level 1:colcon.colcon_core.package_identification:_identify(build) by extensions ['ignore', 'ignore_ament_install']
[0.364s] Level 1:colcon.colcon_core.package_identification:_identify(build) by extension 'ignore'
[0.364s] Level 1:colcon.colcon_core.package_identification:_identify(build) ignored
[0.365s] Level 1:colcon.colcon_core.package_identification:_identify(install) by extensions ['ignore', 'ignore_ament_install']
[0.365s] Level 1:colcon.colcon_core.package_identification:_identify(install) by extension 'ignore'
[0.365s] Level 1:colcon.colcon_core.package_identification:_identify(install) ignored
[0.365s] Level 1:colcon.colcon_core.package_identification:_identify(log) by extensions ['ignore', 'ignore_ament_install']
[0.365s] Level 1:colcon.colcon_core.package_identification:_identify(log) by extension 'ignore'
[0.365s] Level 1:colcon.colcon_core.package_identification:_identify(log) ignored
[0.365s] Level 1:colcon.colcon_core.package_identification:_identify(src) by extensions ['ignore', 'ignore_ament_install']
[0.366s] Level 1:colcon.colcon_core.package_identification:_identify(src) by extension 'ignore'
[0.366s] Level 1:colcon.colcon_core.package_identification:_identify(src) by extension 'ignore_ament_install'
[0.366s] Level 1:colcon.colcon_core.package_identification:_identify(src) by extensions ['colcon_pkg']
[0.366s] Level 1:colcon.colcon_core.package_identification:_identify(src) by extension 'colcon_pkg'
[0.366s] Level 1:colcon.colcon_core.package_identification:_identify(src) by extensions ['colcon_meta']
[0.366s] Level 1:colcon.colcon_core.package_identification:_identify(src) by extension 'colcon_meta'
[0.366s] Level 1:colcon.colcon_core.package_identification:_identify(src) by extensions ['ros']
[0.366s] Level 1:colcon.colcon_core.package_identification:_identify(src) by extension 'ros'
[0.366s] Level 1:colcon.colcon_core.package_identification:_identify(src) by extensions ['cmake', 'python']
[0.366s] Level 1:colcon.colcon_core.package_identification:_identify(src) by extension 'cmake'
[0.366s] Level 1:colcon.colcon_core.package_identification:_identify(src) by extension 'python'
[0.366s] Level 1:colcon.colcon_core.package_identification:_identify(src) by extensions ['python_setup_py']
[0.367s] Level 1:colcon.colcon_core.package_identification:_identify(src) by extension 'python_setup_py'
[0.367s] Level 1:colcon.colcon_core.package_identification:_identify(src/ros2_assignment) by extensions ['ignore', 'ignore_ament_install']
[0.367s] Level 1:colcon.colcon_core.package_identification:_identify(src/ros2_assignment) by extension 'ignore'
[0.367s] Level 1:colcon.colcon_core.package_identification:_identify(src/ros2_assignment) by extension 'ignore_ament_install'
[0.367s] Level 1:colcon.colcon_core.package_identification:_identify(src/ros2_assignment) by extensions ['colcon_pkg']
[0.367s] Level 1:colcon.colcon_core.package_identification:_identify(src/ros2_assignment) by extension 'colcon_pkg'
[0.367s] Level 1:colcon.colcon_core.package_identification:_identify(src/ros2_assignment) by extensions ['colcon_meta']
[0.368s] Level 1:colcon.colcon_core.package_identification:_identify(src/ros2_assignment) by extension 'colcon_meta'
[0.368s] Level 1:colcon.colcon_core.package_identification:_identify(src/ros2_assignment) by extensions ['ros']
[0.368s] Level 1:colcon.colcon_core.package_identification:_identify(src/ros2_assignment) by extension 'ros'
[0.372s] DEBUG:colcon.colcon_core.package_identification:Package 'src/ros2_assignment' with type 'ros.ament_python' and name 'ros2_assignment'
[0.372s] Level 1:colcon.colcon_core.package_discovery:discover_packages(recursive) using defaults
[0.372s] Level 1:colcon.colcon_core.package_discovery:discover_packages(ignore) discover
[0.372s] Level 1:colcon.colcon_core.package_discovery:discover_packages(ignore) using defaults
[0.372s] Level 1:colcon.colcon_core.package_discovery:discover_packages(path) discover
[0.372s] Level 1:colcon.colcon_core.package_discovery:discover_packages(path) using defaults
[0.407s] Level 1:colcon.colcon_core.package_discovery:discover_packages(prefix_path) check parameters
[0.407s] Level 1:colcon.colcon_core.package_discovery:discover_packages(prefix_path) discover
[0.410s] DEBUG:colcon.colcon_installed_package_information.package_discovery:Found 1 installed packages in /home/lakshitha/ros2_ws/install
[0.413s] DEBUG:colcon.colcon_installed_package_information.package_discovery:Found 316 installed packages in /opt/ros/jazzy
[0.414s] Level 1:colcon.colcon_core.package_discovery:discover_packages(prefix_path) using defaults
[0.512s] Level 5:colcon.colcon_core.verb:set package 'ros2_assignment' build argument 'cmake_args' from command line to 'None'
[0.512s] Level 5:colcon.colcon_core.verb:set package 'ros2_assignment' build argument 'cmake_target' from command line to 'None'
[0.512s] Level 5:colcon.colcon_core.verb:set package 'ros2_assignment' build argument 'cmake_target_skip_unavailable' from command line to 'False'
[0.512s] Level 5:colcon.colcon_core.verb:set package 'ros2_assignment' build argument 'cmake_clean_cache' from command line to 'False'
[0.512s] Level 5:colcon.colcon_core.verb:set package 'ros2_assignment' build argument 'cmake_clean_first' from command line to 'False'
[0.512s] Level 5:colcon.colcon_core.verb:set package 'ros2_assignment' build argument 'cmake_force_configure' from command line to 'False'
[0.512s] Level 5:colcon.colcon_core.verb:set package 'ros2_assignment' build argument 'ament_cmake_args' from command line to 'None'
[0.513s] Level 5:colcon.colcon_core.verb:set package 'ros2_assignment' build argument 'catkin_cmake_args' from command line to 'None'
[0.513s] Level 5:colcon.colcon_core.verb:set package 'ros2_assignment' build argument 'catkin_skip_building_tests' from command line to 'False'
[0.513s] DEBUG:colcon.colcon_core.verb:Building package 'ros2_assignment' with the following arguments: {'ament_cmake_args': None, 'build_base': '/home/lakshitha/ros2_ws/build/ros2_assignment', 'catkin_cmake_args': None, 'catkin_skip_building_tests': False, 'cmake_args': None, 'cmake_clean_cache': False, 'cmake_clean_first': False, 'cmake_force_configure': False, 'cmake_target': None, 'cmake_target_skip_unavailable': False, 'install_base': '/home/lakshitha/ros2_ws/install/ros2_assignment', 'merge_install': False, 'path': '/home/lakshitha/ros2_ws/src/ros2_assignment', 'symlink_install': False, 'test_result_base': None}
[0.513s] INFO:colcon.colcon_core.executor:Executing jobs using 'parallel' executor
[0.514s] DEBUG:colcon.colcon_parallel_executor.executor.parallel:run_until_complete
[0.514s] INFO:colcon.colcon_ros.task.ament_python.build:Building ROS package in '/home/lakshitha/ros2_ws/src/ros2_assignment' with build type 'ament_python'
[0.515s] Level 1:colcon.colcon_core.shell:create_environment_hook('ros2_assignment', 'ament_prefix_path')
[0.518s] INFO:colcon.colcon_core.plugin_system:Skipping extension 'colcon_core.shell.bat': Not used on non-Windows systems
[0.519s] INFO:colcon.colcon_core.shell:Creating environment hook '/home/lakshitha/ros2_ws/install/ros2_assignment/share/ros2_assignment/hook/ament_prefix_path.ps1'
[0.520s] INFO:colcon.colcon_core.shell:Creating environment descriptor '/home/lakshitha/ros2_ws/install/ros2_assignment/share/ros2_assignment/hook/ament_prefix_path.dsv'
[0.521s] INFO:colcon.colcon_core.shell:Creating environment hook '/home/lakshitha/ros2_ws/install/ros2_assignment/share/ros2_assignment/hook/ament_prefix_path.sh'
[0.522s] INFO:colcon.colcon_core.shell:Skip shell extension 'powershell' for command environment: Not usable outside of PowerShell
[0.522s] DEBUG:colcon.colcon_core.shell:Skip shell extension 'dsv' for command environment
[0.959s] INFO:colcon.colcon_core.task.python.build:Building Python package in '/home/lakshitha/ros2_ws/src/ros2_assignment'
[0.960s] INFO:colcon.colcon_core.shell:Skip shell extension 'powershell' for command environment: Not usable outside of PowerShell
[0.960s] DEBUG:colcon.colcon_core.shell:Skip shell extension 'dsv' for command environment
[2.198s] DEBUG:colcon.colcon_core.event_handler.log_command:Invoking command in '/home/lakshitha/ros2_ws/src/ros2_assignment': DEBUGINFOD_URLS=https://debuginfod.ubuntu.com PYTHONPATH=/home/lakshitha/ros2_ws/build/ros2_assignment/prefix_override:/usr/lib/python3/dist-packages/colcon_core/task/python/colcon_distutils_commands:/home/lakshitha/ros2_ws/install/ros2_assignment/lib/python3.12/site-packages:${PYTHONPATH} /usr/bin/python3 -W ignore:setup.py install is deprecated -W ignore:easy_install command is deprecated setup.py egg_info --egg-base ../../build/ros2_assignment build --build-base /home/lakshitha/ros2_ws/build/ros2_assignment/build install --record /home/lakshitha/ros2_ws/build/ros2_assignment/install.log --single-version-externally-managed install_data
[3.352s] DEBUG:colcon.colcon_core.event_handler.log_command:Invoked command in '/home/lakshitha/ros2_ws/src/ros2_assignment' returned '0': DEBUGINFOD_URLS=https://debuginfod.ubuntu.com PYTHONPATH=/home/lakshitha/ros2_ws/build/ros2_assignment/prefix_override:/usr/lib/python3/dist-packages/colcon_core/task/python/colcon_distutils_commands:/home/lakshitha/ros2_ws/install/ros2_assignment/lib/python3.12/site-packages:${PYTHONPATH} /usr/bin/python3 -W ignore:setup.py install is deprecated -W ignore:easy_install command is deprecated setup.py egg_info --egg-base ../../build/ros2_assignment build --build-base /home/lakshitha/ros2_ws/build/ros2_assignment/build install --record /home/lakshitha/ros2_ws/build/ros2_assignment/install.log --single-version-externally-managed install_data
[3.356s] Level 1:colcon.colcon_core.environment:checking '/home/lakshitha/ros2_ws/install/ros2_assignment' for CMake module files
[3.357s] Level 1:colcon.colcon_core.environment:checking '/home/lakshitha/ros2_ws/install/ros2_assignment' for CMake config files
[3.358s] Level 1:colcon.colcon_core.environment:checking '/home/lakshitha/ros2_ws/install/ros2_assignment/lib'
[3.358s] Level 1:colcon.colcon_core.environment:checking '/home/lakshitha/ros2_ws/install/ros2_assignment/bin'
[3.358s] Level 1:colcon.colcon_core.environment:checking '/home/lakshitha/ros2_ws/install/ros2_assignment/lib/pkgconfig/ros2_assignment.pc'
[3.359s] Level 1:colcon.colcon_core.environment:checking '/home/lakshitha/ros2_ws/install/ros2_assignment/lib/python3.12/site-packages'
[3.359s] Level 1:colcon.colcon_core.shell:create_environment_hook('ros2_assignment', 'pythonpath')
[3.359s] INFO:colcon.colcon_core.shell:Creating environment hook '/home/lakshitha/ros2_ws/install/ros2_assignment/share/ros2_assignment/hook/pythonpath.ps1'
[3.360s] INFO:colcon.colcon_core.shell:Creating environment descriptor '/home/lakshitha/ros2_ws/install/ros2_assignment/share/ros2_assignment/hook/pythonpath.dsv'
[3.361s] INFO:colcon.colcon_core.shell:Creating environment hook '/home/lakshitha/ros2_ws/install/ros2_assignment/share/ros2_assignment/hook/pythonpath.sh'
[3.362s] Level 1:colcon.colcon_core.environment:checking '/home/lakshitha/ros2_ws/install/ros2_assignment/bin'
[3.362s] Level 1:colcon.colcon_core.environment:create_environment_scripts_only(ros2_assignment)
[3.362s] INFO:colcon.colcon_core.shell:Creating package script '/home/lakshitha/ros2_ws/install/ros2_assignment/share/ros2_assignment/package.ps1'
[3.363s] INFO:colcon.colcon_core.shell:Creating package descriptor '/home/lakshitha/ros2_ws/install/ros2_assignment/share/ros2_assignment/package.dsv'
[3.365s] INFO:colcon.colcon_core.shell:Creating package script '/home/lakshitha/ros2_ws/install/ros2_assignment/share/ros2_assignment/package.sh'
[3.366s] INFO:colcon.colcon_core.shell:Creating package script '/home/lakshitha/ros2_ws/install/ros2_assignment/share/ros2_assignment/package.bash'
[3.367s] INFO:colcon.colcon_core.shell:Creating package script '/home/lakshitha/ros2_ws/install/ros2_assignment/share/ros2_assignment/package.zsh'
[3.368s] Level 1:colcon.colcon_core.environment:create_file_with_runtime_dependencies(/home/lakshitha/ros2_ws/install/ros2_assignment/share/colcon-core/packages/ros2_assignment)
[3.369s] DEBUG:colcon.colcon_parallel_executor.executor.parallel:closing loop
[3.369s] DEBUG:colcon.colcon_parallel_executor.executor.parallel:loop closed
[3.369s] DEBUG:colcon.colcon_parallel_executor.executor.parallel:run_until_complete finished with '0'
[3.370s] DEBUG:colcon.colcon_core.event_reactor:joining thread
[3.382s] INFO:colcon.colcon_core.plugin_system:Skipping extension 'colcon_notification.desktop_notification.terminal_notifier': Not used on non-Darwin systems
[3.382s] INFO:colcon.colcon_core.plugin_system:Skipping extension 'colcon_notification.desktop_notification.win32': Not used on non-Windows systems
[3.382s] INFO:colcon.colcon_notification.desktop_notification:Sending desktop notification using 'notify2'
[3.407s] DEBUG:colcon.colcon_core.event_reactor:joined thread
[3.407s] INFO:colcon.colcon_core.shell:Creating prefix script '/home/lakshitha/ros2_ws/install/local_setup.ps1'
[3.409s] INFO:colcon.colcon_core.shell:Creating prefix util module '/home/lakshitha/ros2_ws/install/_local_setup_util_ps1.py'
[3.411s] INFO:colcon.colcon_core.shell:Creating prefix chain script '/home/lakshitha/ros2_ws/install/setup.ps1'
[3.412s] INFO:colcon.colcon_core.shell:Creating prefix script '/home/lakshitha/ros2_ws/install/local_setup.sh'
[3.413s] INFO:colcon.colcon_core.shell:Creating prefix util module '/home/lakshitha/ros2_ws/install/_local_setup_util_sh.py'
[3.414s] INFO:colcon.colcon_core.shell:Creating prefix chain script '/home/lakshitha/ros2_ws/install/setup.sh'
[3.416s] INFO:colcon.colcon_core.shell:Creating prefix script '/home/lakshitha/ros2_ws/install/local_setup.bash'
[3.417s] INFO:colcon.colcon_core.shell:Creating prefix chain script '/home/lakshitha/ros2_ws/install/setup.bash'
[3.419s] INFO:colcon.colcon_core.shell:Creating prefix script '/home/lakshitha/ros2_ws/install/local_setup.zsh'
[3.419s] INFO:colcon.colcon_core.shell:Creating prefix chain script '/home/lakshitha/ros2_ws/install/setup.zsh'
