running egg_info
creating ../../build/ros2_assignment/ros2_assignment.egg-info
writing ../../build/ros2_assignment/ros2_assignment.egg-info/PKG-INFO
writing dependency_links to ../../build/ros2_assignment/ros2_assignment.egg-info/dependency_links.txt
writing entry points to ../../build/ros2_assignment/ros2_assignment.egg-info/entry_points.txt
writing requirements to ../../build/ros2_assignment/ros2_assignment.egg-info/requires.txt
writing top-level names to ../../build/ros2_assignment/ros2_assignment.egg-info/top_level.txt
writing manifest file '../../build/ros2_assignment/ros2_assignment.egg-info/SOURCES.txt'
reading manifest file '../../build/ros2_assignment/ros2_assignment.egg-info/SOURCES.txt'
writing manifest file '../../build/ros2_assignment/ros2_assignment.egg-info/SOURCES.txt'
running build
running build_py
creating /home/lakshitha/ros2_ws/build/ros2_assignment/build
creating /home/lakshitha/ros2_ws/build/ros2_assignment/build/lib
creating /home/lakshitha/ros2_ws/build/ros2_assignment/build/lib/ros2_assignment
copying ros2_assignment/twist_from_database.py -> /home/lakshitha/ros2_ws/build/ros2_assignment/build/lib/ros2_assignment
copying ros2_assignment/params_setter.py -> /home/lakshitha/ros2_ws/build/ros2_assignment/build/lib/ros2_assignment
copying ros2_assignment/__init__.py -> /home/lakshitha/ros2_ws/build/ros2_assignment/build/lib/ros2_assignment
copying ros2_assignment/zero_twist.py -> /home/lakshitha/ros2_ws/build/ros2_assignment/build/lib/ros2_assignment
copying ros2_assignment/pose_re_pub.py -> /home/lakshitha/ros2_ws/build/ros2_assignment/build/lib/ros2_assignment
copying ros2_assignment/param_reader.py -> /home/lakshitha/ros2_ws/build/ros2_assignment/build/lib/ros2_assignment
running install
running install_lib
creating /home/lakshitha/ros2_ws/install/ros2_assignment/lib/python3.12/site-packages/ros2_assignment
copying /home/lakshitha/ros2_ws/build/ros2_assignment/build/lib/ros2_assignment/twist_from_database.py -> /home/lakshitha/ros2_ws/install/ros2_assignment/lib/python3.12/site-packages/ros2_assignment
copying /home/lakshitha/ros2_ws/build/ros2_assignment/build/lib/ros2_assignment/params_setter.py -> /home/lakshitha/ros2_ws/install/ros2_assignment/lib/python3.12/site-packages/ros2_assignment
copying /home/lakshitha/ros2_ws/build/ros2_assignment/build/lib/ros2_assignment/__init__.py -> /home/lakshitha/ros2_ws/install/ros2_assignment/lib/python3.12/site-packages/ros2_assignment
copying /home/lakshitha/ros2_ws/build/ros2_assignment/build/lib/ros2_assignment/zero_twist.py -> /home/lakshitha/ros2_ws/install/ros2_assignment/lib/python3.12/site-packages/ros2_assignment
copying /home/lakshitha/ros2_ws/build/ros2_assignment/build/lib/ros2_assignment/pose_re_pub.py -> /home/lakshitha/ros2_ws/install/ros2_assignment/lib/python3.12/site-packages/ros2_assignment
copying /home/lakshitha/ros2_ws/build/ros2_assignment/build/lib/ros2_assignment/param_reader.py -> /home/lakshitha/ros2_ws/install/ros2_assignment/lib/python3.12/site-packages/ros2_assignment
byte-compiling /home/lakshitha/ros2_ws/install/ros2_assignment/lib/python3.12/site-packages/ros2_assignment/twist_from_database.py to twist_from_database.cpython-312.pyc
byte-compiling /home/lakshitha/ros2_ws/install/ros2_assignment/lib/python3.12/site-packages/ros2_assignment/params_setter.py to params_setter.cpython-312.pyc
byte-compiling /home/lakshitha/ros2_ws/install/ros2_assignment/lib/python3.12/site-packages/ros2_assignment/__init__.py to __init__.cpython-312.pyc
byte-compiling /home/lakshitha/ros2_ws/install/ros2_assignment/lib/python3.12/site-packages/ros2_assignment/zero_twist.py to zero_twist.cpython-312.pyc
byte-compiling /home/lakshitha/ros2_ws/install/ros2_assignment/lib/python3.12/site-packages/ros2_assignment/pose_re_pub.py to pose_re_pub.cpython-312.pyc
byte-compiling /home/lakshitha/ros2_ws/install/ros2_assignment/lib/python3.12/site-packages/ros2_assignment/param_reader.py to param_reader.cpython-312.pyc
running install_data
creating /home/lakshitha/ros2_ws/install/ros2_assignment/share/ament_index
creating /home/lakshitha/ros2_ws/install/ros2_assignment/share/ament_index/resource_index
creating /home/lakshitha/ros2_ws/install/ros2_assignment/share/ament_index/resource_index/packages
copying resource/ros2_assignment -> /home/lakshitha/ros2_ws/install/ros2_assignment/share/ament_index/resource_index/packages
copying package.xml -> /home/lakshitha/ros2_ws/install/ros2_assignment/share/ros2_assignment
running install_egg_info
Copying ../../build/ros2_assignment/ros2_assignment.egg-info to /home/lakshitha/ros2_ws/install/ros2_assignment/lib/python3.12/site-packages/ros2_assignment-0.0.0-py3.12.egg-info
running install_scripts
Installing param_reader script to /home/lakshitha/ros2_ws/install/ros2_assignment/lib/ros2_assignment
Installing params_setter script to /home/lakshitha/ros2_ws/install/ros2_assignment/lib/ros2_assignment
Installing pose_re_pub script to /home/lakshitha/ros2_ws/install/ros2_assignment/lib/ros2_assignment
Installing twist_from_database script to /home/lakshitha/ros2_ws/install/ros2_assignment/lib/ros2_assignment
Installing zero_twist script to /home/lakshitha/ros2_ws/install/ros2_assignment/lib/ros2_assignment
writing list of installed files to '/home/lakshitha/ros2_ws/build/ros2_assignment/install.log'
