/home/lakshitha/ros2_ws/install/ros2_assignment/lib/python3.12/site-packages/ros2_assignment/twist_from_database.py
/home/lakshitha/ros2_ws/install/ros2_assignment/lib/python3.12/site-packages/ros2_assignment/params_setter.py
/home/lakshitha/ros2_ws/install/ros2_assignment/lib/python3.12/site-packages/ros2_assignment/__init__.py
/home/lakshitha/ros2_ws/install/ros2_assignment/lib/python3.12/site-packages/ros2_assignment/zero_twist.py
/home/lakshitha/ros2_ws/install/ros2_assignment/lib/python3.12/site-packages/ros2_assignment/pose_re_pub.py
/home/lakshitha/ros2_ws/install/ros2_assignment/lib/python3.12/site-packages/ros2_assignment/param_reader.py
/home/lakshitha/ros2_ws/install/ros2_assignment/lib/python3.12/site-packages/ros2_assignment/__pycache__/twist_from_database.cpython-312.pyc
/home/lakshitha/ros2_ws/install/ros2_assignment/lib/python3.12/site-packages/ros2_assignment/__pycache__/params_setter.cpython-312.pyc
/home/lakshitha/ros2_ws/install/ros2_assignment/lib/python3.12/site-packages/ros2_assignment/__pycache__/__init__.cpython-312.pyc
/home/lakshitha/ros2_ws/install/ros2_assignment/lib/python3.12/site-packages/ros2_assignment/__pycache__/zero_twist.cpython-312.pyc
/home/lakshitha/ros2_ws/install/ros2_assignment/lib/python3.12/site-packages/ros2_assignment/__pycache__/pose_re_pub.cpython-312.pyc
/home/lakshitha/ros2_ws/install/ros2_assignment/lib/python3.12/site-packages/ros2_assignment/__pycache__/param_reader.cpython-312.pyc
/home/lakshitha/ros2_ws/install/ros2_assignment/share/ament_index/resource_index/packages/ros2_assignment
/home/lakshitha/ros2_ws/install/ros2_assignment/share/ros2_assignment/package.xml
/home/lakshitha/ros2_ws/install/ros2_assignment/share/ros2_assignment/launch/assignment_launch.py
/home/lakshitha/ros2_ws/install/ros2_assignment/lib/python3.12/site-packages/ros2_assignment-0.0.0-py3.12.egg-info/zip-safe
/home/lakshitha/ros2_ws/install/ros2_assignment/lib/python3.12/site-packages/ros2_assignment-0.0.0-py3.12.egg-info/dependency_links.txt
/home/lakshitha/ros2_ws/install/ros2_assignment/lib/python3.12/site-packages/ros2_assignment-0.0.0-py3.12.egg-info/top_level.txt
/home/lakshitha/ros2_ws/install/ros2_assignment/lib/python3.12/site-packages/ros2_assignment-0.0.0-py3.12.egg-info/entry_points.txt
/home/lakshitha/ros2_ws/install/ros2_assignment/lib/python3.12/site-packages/ros2_assignment-0.0.0-py3.12.egg-info/PKG-INFO
/home/lakshitha/ros2_ws/install/ros2_assignment/lib/python3.12/site-packages/ros2_assignment-0.0.0-py3.12.egg-info/requires.txt
/home/lakshitha/ros2_ws/install/ros2_assignment/lib/python3.12/site-packages/ros2_assignment-0.0.0-py3.12.egg-info/SOURCES.txt
/home/lakshitha/ros2_ws/install/ros2_assignment/lib/ros2_assignment/param_reader
/home/lakshitha/ros2_ws/install/ros2_assignment/lib/ros2_assignment/params_setter
/home/lakshitha/ros2_ws/install/ros2_assignment/lib/ros2_assignment/pose_re_pub
/home/lakshitha/ros2_ws/install/ros2_assignment/lib/ros2_assignment/twist_from_database
/home/lakshitha/ros2_ws/install/ros2_assignment/lib/ros2_assignment/zero_twist
