running egg_info
writing ../../build/ros2_assignment/ros2_assignment.egg-info/PKG-INFO
writing dependency_links to ../../build/ros2_assignment/ros2_assignment.egg-info/dependency_links.txt
writing entry points to ../../build/ros2_assignment/ros2_assignment.egg-info/entry_points.txt
writing requirements to ../../build/ros2_assignment/ros2_assignment.egg-info/requires.txt
writing top-level names to ../../build/ros2_assignment/ros2_assignment.egg-info/top_level.txt
reading manifest file '../../build/ros2_assignment/ros2_assignment.egg-info/SOURCES.txt'
writing manifest file '../../build/ros2_assignment/ros2_assignment.egg-info/SOURCES.txt'
running build
running build_py
running install
running install_lib
running install_data
creating /home/lakshitha/ros2_ws/install/ros2_assignment/share/ros2_assignment/launch
copying launch/assignment_launch.py -> /home/lakshitha/ros2_ws/install/ros2_assignment/share/ros2_assignment/launch
running install_egg_info
removing '/home/lakshitha/ros2_ws/install/ros2_assignment/lib/python3.12/site-packages/ros2_assignment-0.0.0-py3.12.egg-info' (and everything under it)
Copying ../../build/ros2_assignment/ros2_assignment.egg-info to /home/lakshitha/ros2_ws/install/ros2_assignment/lib/python3.12/site-packages/ros2_assignment-0.0.0-py3.12.egg-info
running install_scripts
Installing param_reader script to /home/lakshitha/ros2_ws/install/ros2_assignment/lib/ros2_assignment
Installing params_setter script to /home/lakshitha/ros2_ws/install/ros2_assignment/lib/ros2_assignment
Installing pose_re_pub script to /home/lakshitha/ros2_ws/install/ros2_assignment/lib/ros2_assignment
Installing twist_from_database script to /home/lakshitha/ros2_ws/install/ros2_assignment/lib/ros2_assignment
Installing zero_twist script to /home/lakshitha/ros2_ws/install/ros2_assignment/lib/ros2_assignment
writing list of installed files to '/home/lakshitha/ros2_ws/build/ros2_assignment/install.log'
